#-----------------------------------------------------------
# Vivado v2020.1 (64-bit)
# SW Build 2902540 on Wed May 27 19:54:49 MDT 2020
# IP Build 2902112 on Wed May 27 22:43:36 MDT 2020
# Start of session at: Fri May 28 15:00:50 2021
# Process ID: 18296
# Current directory: C:/Users/Serhat/OneDrive/Masaüstü/riscvVivadoBaslangic
# Command line: vivado.exe -gui_launcher_event rodinguilauncherevent16824 C:\Users\Serhat\OneDrive\Masaüstü\riscvVivadoBaslangic\riscvVivado.xpr
# Log file: C:/Users/Serhat/OneDrive/Masaüstü/riscvVivadoBaslangic/vivado.log
# Journal file: C:/Users/Serhat/OneDrive/Masaüstü/riscvVivadoBaslangic\vivado.jou
#-----------------------------------------------------------
start_gui
open_project C:/Users/Serhat/OneDrive/Masaüstü/riscvVivadoBaslangic/riscvVivado.xpr
Scanning sources...
Finished scanning sources
INFO: [IP_Flow 19-234] Refreshing IP repositories
INFO: [IP_Flow 19-1704] No user IP repositories specified
INFO: [IP_Flow 19-2313] Loaded Vivado IP repository 'D:/Xilinx/Vivado/2020.1/data/ip'.
update_compile_order -fileset sources_1
exit
INFO: [Common 17-206] Exiting Vivado at Fri May 28 15:01:20 2021...
