#-----------------------------------------------------------
# Vivado v2019.1 (64-bit)
# SW Build 2552052 on Fri May 24 14:49:42 MDT 2019
# IP Build 2548770 on Fri May 24 18:01:18 MDT 2019
# Start of session at: Tue Jan 19 10:53:50 2021
# Process ID: 1728
# Current directory: C:/Users/Emre/Desktop/riscv-simple-sv-master/riscvVivadoBaslangic
# Command line: vivado.exe -gui_launcher_event rodinguilauncherevent5820 C:\Users\Emre\Desktop\riscv-simple-sv-master\riscvVivadoBaslangic\riscvVivado.xpr
# Log file: C:/Users/Emre/Desktop/riscv-simple-sv-master/riscvVivadoBaslangic/vivado.log
# Journal file: C:/Users/Emre/Desktop/riscv-simple-sv-master/riscvVivadoBaslangic\vivado.jou
#-----------------------------------------------------------
start_gui
open_project C:/Users/Emre/Desktop/riscv-simple-sv-master/riscvVivadoBaslangic/riscvVivado.xpr
INFO: [Project 1-313] Project file moved from 'C:/Users/Emre/Desktop/riscv-simple-sv-master/riscvVivado' since last save.
Scanning sources...
Finished scanning sources
INFO: [IP_Flow 19-234] Refreshing IP repositories
INFO: [IP_Flow 19-1704] No user IP repositories specified
INFO: [IP_Flow 19-2313] Loaded Vivado IP repository 'C:/Xilinx/Vivado/2019.1/data/ip'.
update_compile_order -fileset sources_1
exit
INFO: [Common 17-206] Exiting Vivado at Tue Jan 19 12:04:51 2021...
